{"message":"expected `,`, found `parts`","code":null,"level":"error","spans":[{"file_name":"src/main.rs","byte_start":1527,"byte_end":1532,"line_start":70,"line_end":70,"column_start":43,"column_end":48,"is_primary":true,"text":[{"text":"                    TYPE => println!(\"{}\" parts[0]),","highlight_start":43,"highlight_end":48}],"label":"expected `,`","suggested_replacement":null,"suggestion_applicability":null,"expansion":null}],"children":[],"rendered":"\u001b[0m\u001b[1m\u001b[38;5;9merror\u001b[0m\u001b[0m\u001b[1m: expected `,`, found `parts`\u001b[0m\n\u001b[0m  \u001b[0m\u001b[0m\u001b[1m\u001b[38;5;12m--> \u001b[0m\u001b[0msrc/main.rs:70:43\u001b[0m\n\u001b[0m   \u001b[0m\u001b[0m\u001b[1m\u001b[38;5;12m|\u001b[0m\n\u001b[0m\u001b[1m\u001b[38;5;12m70\u001b[0m\u001b[0m \u001b[0m\u001b[0m\u001b[1m\u001b[38;5;12m|\u001b[0m\u001b[0m \u001b[0m\u001b[0m                    TYPE => println!(\"{}\" parts[0]),\u001b[0m\n\u001b[0m   \u001b[0m\u001b[0m\u001b[1m\u001b[38;5;12m| \u001b[0m\u001b[0m                                          \u001b[0m\u001b[0m\u001b[1m\u001b[38;5;9m^^^^^\u001b[0m\u001b[0m \u001b[0m\u001b[0m\u001b[1m\u001b[38;5;9mexpected `,`\u001b[0m\n\n"}
{"message":"expected `,`, found `parts`","code":null,"level":"error","spans":[{"file_name":"src/main.rs","byte_start":1580,"byte_end":1585,"line_start":71,"line_end":71,"column_start":43,"column_end":48,"is_primary":true,"text":[{"text":"                    SIZE => println!(\"{}\" parts[1]),","highlight_start":43,"highlight_end":48}],"label":"expected `,`","suggested_replacement":null,"suggestion_applicability":null,"expansion":null}],"children":[],"rendered":"\u001b[0m\u001b[1m\u001b[38;5;9merror\u001b[0m\u001b[0m\u001b[1m: expected `,`, found `parts`\u001b[0m\n\u001b[0m  \u001b[0m\u001b[0m\u001b[1m\u001b[38;5;12m--> \u001b[0m\u001b[0msrc/main.rs:71:43\u001b[0m\n\u001b[0m   \u001b[0m\u001b[0m\u001b[1m\u001b[38;5;12m|\u001b[0m\n\u001b[0m\u001b[1m\u001b[38;5;12m71\u001b[0m\u001b[0m \u001b[0m\u001b[0m\u001b[1m\u001b[38;5;12m|\u001b[0m\u001b[0m \u001b[0m\u001b[0m                    SIZE => println!(\"{}\" parts[1]),\u001b[0m\n\u001b[0m   \u001b[0m\u001b[0m\u001b[1m\u001b[38;5;12m| \u001b[0m\u001b[0m                                          \u001b[0m\u001b[0m\u001b[1m\u001b[38;5;9m^^^^^\u001b[0m\u001b[0m \u001b[0m\u001b[0m\u001b[1m\u001b[38;5;9mexpected `,`\u001b[0m\n\n"}
{"message":"failed to resolve: use of undeclared type `Decoder`","code":{"code":"E0433","explanation":"An undeclared crate, module, or type was used.\n\nErroneous code example:\n\n```compile_fail,E0433\nlet map = HashMap::new();\n// error: failed to resolve: use of undeclared type `HashMap`\n```\n\nPlease verify you didn't misspell the type/module's name or that you didn't\nforget to import it:\n\n```\nuse std::collections::HashMap; // HashMap has been imported.\nlet map: HashMap<u32, u32> = HashMap::new(); // So it can be used!\n```\n\nIf you've expected to use a crate name:\n\n```compile_fail\nuse ferris_wheel::BigO;\n// error: failed to resolve: use of undeclared crate or module `ferris_wheel`\n```\n\nMake sure the crate has been added as a dependency in `Cargo.toml`.\n\nTo use a module from your current crate, add the `crate::` prefix to the path.\n"},"level":"error","spans":[{"file_name":"src/main.rs","byte_start":1196,"byte_end":1203,"line_start":61,"line_end":61,"column_start":35,"column_end":42,"is_primary":true,"text":[{"text":"                let mut decoder = Decoder::new(path)?;","highlight_start":35,"highlight_end":42}],"label":"use of undeclared type `Decoder`","suggested_replacement":null,"suggestion_applicability":null,"expansion":null}],"children":[],"rendered":"\u001b[0m\u001b[1m\u001b[38;5;9merror[E0433]\u001b[0m\u001b[0m\u001b[1m: failed to resolve: use of undeclared type `Decoder`\u001b[0m\n\u001b[0m  \u001b[0m\u001b[0m\u001b[1m\u001b[38;5;12m--> \u001b[0m\u001b[0msrc/main.rs:61:35\u001b[0m\n\u001b[0m   \u001b[0m\u001b[0m\u001b[1m\u001b[38;5;12m|\u001b[0m\n\u001b[0m\u001b[1m\u001b[38;5;12m61\u001b[0m\u001b[0m \u001b[0m\u001b[0m\u001b[1m\u001b[38;5;12m|\u001b[0m\u001b[0m \u001b[0m\u001b[0m                let mut decoder = Decoder::new(path)?;\u001b[0m\n\u001b[0m   \u001b[0m\u001b[0m\u001b[1m\u001b[38;5;12m| \u001b[0m\u001b[0m                                  \u001b[0m\u001b[0m\u001b[1m\u001b[38;5;9m^^^^^^^\u001b[0m\u001b[0m \u001b[0m\u001b[0m\u001b[1m\u001b[38;5;9muse of undeclared type `Decoder`\u001b[0m\n\n"}
{"message":"cannot find value `head` in this scope","code":{"code":"E0425","explanation":"An unresolved name was used.\n\nErroneous code examples:\n\n```compile_fail,E0425\nsomething_that_doesnt_exist::foo;\n// error: unresolved name `something_that_doesnt_exist::foo`\n\n// or:\n\ntrait Foo {\n    fn bar() {\n        Self; // error: unresolved name `Self`\n    }\n}\n\n// or:\n\nlet x = unknown_variable;  // error: unresolved name `unknown_variable`\n```\n\nPlease verify that the name wasn't misspelled and ensure that the\nidentifier being referred to is valid for the given situation. Example:\n\n```\nenum something_that_does_exist {\n    Foo,\n}\n```\n\nOr:\n\n```\nmod something_that_does_exist {\n    pub static foo : i32 = 0i32;\n}\n\nsomething_that_does_exist::foo; // ok!\n```\n\nOr:\n\n```\nlet unknown_variable = 12u32;\nlet x = unknown_variable; // ok!\n```\n\nIf the item is not defined in the current module, it must be imported using a\n`use` statement, like so:\n\n```\n# mod foo { pub fn bar() {} }\n# fn main() {\nuse foo::bar;\nbar();\n# }\n```\n\nIf the item you are importing is not defined in some super-module of the\ncurrent module, then it must also be declared as public (e.g., `pub fn`).\n"},"level":"error","spans":[{"file_name":"src/main.rs","byte_start":2743,"byte_end":2747,"line_start":115,"line_end":115,"column_start":5,"column_end":9,"is_primary":true,"text":[{"text":"    head.add_branch(branch_name);","highlight_start":5,"highlight_end":9}],"label":"not found in this scope","suggested_replacement":null,"suggestion_applicability":null,"expansion":null}],"children":[],"rendered":"\u001b[0m\u001b[1m\u001b[38;5;9merror[E0425]\u001b[0m\u001b[0m\u001b[1m: cannot find value `head` in this scope\u001b[0m\n\u001b[0m   \u001b[0m\u001b[0m\u001b[1m\u001b[38;5;12m--> \u001b[0m\u001b[0msrc/main.rs:115:5\u001b[0m\n\u001b[0m    \u001b[0m\u001b[0m\u001b[1m\u001b[38;5;12m|\u001b[0m\n\u001b[0m\u001b[1m\u001b[38;5;12m115\u001b[0m\u001b[0m \u001b[0m\u001b[0m\u001b[1m\u001b[38;5;12m|\u001b[0m\u001b[0m \u001b[0m\u001b[0m    head.add_branch(branch_name);\u001b[0m\n\u001b[0m    \u001b[0m\u001b[0m\u001b[1m\u001b[38;5;12m| \u001b[0m\u001b[0m    \u001b[0m\u001b[0m\u001b[1m\u001b[38;5;9m^^^^\u001b[0m\u001b[0m \u001b[0m\u001b[0m\u001b[1m\u001b[38;5;9mnot found in this scope\u001b[0m\n\n"}
{"message":"the size for values of type `str` cannot be known at compilation time","code":{"code":"E0277","explanation":"You tried to use a type which doesn't implement some trait in a place which\nexpected that trait.\n\nErroneous code example:\n\n```compile_fail,E0277\n// here we declare the Foo trait with a bar method\ntrait Foo {\n    fn bar(&self);\n}\n\n// we now declare a function which takes an object implementing the Foo trait\nfn some_func<T: Foo>(foo: T) {\n    foo.bar();\n}\n\nfn main() {\n    // we now call the method with the i32 type, which doesn't implement\n    // the Foo trait\n    some_func(5i32); // error: the trait bound `i32 : Foo` is not satisfied\n}\n```\n\nIn order to fix this error, verify that the type you're using does implement\nthe trait. Example:\n\n```\ntrait Foo {\n    fn bar(&self);\n}\n\n// we implement the trait on the i32 type\nimpl Foo for i32 {\n    fn bar(&self) {}\n}\n\nfn some_func<T: Foo>(foo: T) {\n    foo.bar(); // we can now use this method since i32 implements the\n               // Foo trait\n}\n\nfn main() {\n    some_func(5i32); // ok!\n}\n```\n\nOr in a generic context, an erroneous code example would look like:\n\n```compile_fail,E0277\nfn some_func<T>(foo: T) {\n    println!(\"{:?}\", foo); // error: the trait `core::fmt::Debug` is not\n                           //        implemented for the type `T`\n}\n\nfn main() {\n    // We now call the method with the i32 type,\n    // which *does* implement the Debug trait.\n    some_func(5i32);\n}\n```\n\nNote that the error here is in the definition of the generic function. Although\nwe only call it with a parameter that does implement `Debug`, the compiler\nstill rejects the function. It must work with all possible input types. In\norder to make this example compile, we need to restrict the generic type we're\naccepting:\n\n```\nuse std::fmt;\n\n// Restrict the input type to types that implement Debug.\nfn some_func<T: fmt::Debug>(foo: T) {\n    println!(\"{:?}\", foo);\n}\n\nfn main() {\n    // Calling the method is still fine, as i32 implements Debug.\n    some_func(5i32);\n\n    // This would fail to compile now:\n    // struct WithoutDebug;\n    // some_func(WithoutDebug);\n}\n```\n\nRust only looks at the signature of the called function, as such it must\nalready specify all requirements that will be used for every type parameter.\n"},"level":"error","spans":[{"file_name":"src/main.rs","byte_start":1133,"byte_end":1145,"line_start":60,"line_end":60,"column_start":58,"column_end":70,"is_primary":true,"text":[{"text":"                let path = format!(\".git/objects/{}/{}\", args[0][..1], args[0][2..]);","highlight_start":58,"highlight_end":70}],"label":"doesn't have a size known at compile-time","suggested_replacement":null,"suggestion_applicability":null,"expansion":{"span":{"file_name":"/build/rustc-ujz1Py/rustc-1.66.1+dfsg0ubuntu1/library/alloc/src/macros.rs","byte_start":4065,"byte_end":4105,"line_start":118,"line_end":118,"column_start":39,"column_end":79,"is_primary":false,"text":[],"label":null,"suggested_replacement":null,"suggestion_applicability":null,"expansion":{"span":{"file_name":"src/main.rs","byte_start":1103,"byte_end":1160,"line_start":60,"line_end":60,"column_start":28,"column_end":85,"is_primary":false,"text":[{"text":"                let path = format!(\".git/objects/{}/{}\", args[0][..1], args[0][2..]);","highlight_start":28,"highlight_end":85}],"label":null,"suggested_replacement":null,"suggestion_applicability":null,"expansion":null},"macro_decl_name":"format!","def_site_span":{"file_name":"/build/rustc-ujz1Py/rustc-1.66.1+dfsg0ubuntu1/library/alloc/src/macros.rs","byte_start":3981,"byte_end":4000,"line_start":116,"line_end":116,"column_start":1,"column_end":20,"is_primary":false,"text":[],"label":null,"suggested_replacement":null,"suggestion_applicability":null,"expansion":null}}},"macro_decl_name":"$crate::__export::format_args!","def_site_span":{"file_name":"/build/rustc-ujz1Py/rustc-1.66.1+dfsg0ubuntu1/library/core/src/macros/mod.rs","byte_start":30090,"byte_end":30114,"line_start":878,"line_end":878,"column_start":5,"column_end":29,"is_primary":false,"text":[],"label":null,"suggested_replacement":null,"suggestion_applicability":null,"expansion":null}}}],"children":[{"message":"the trait `Sized` is not implemented for `str`","code":null,"level":"help","spans":[],"children":[],"rendered":null},{"message":"required by a bound in `ArgumentV1::<'a>::new_display`","code":null,"level":"note","spans":[{"file_name":"src/main.rs","byte_start":0,"byte_end":0,"line_start":1,"line_end":1,"column_start":1,"column_end":1,"is_primary":false,"text":[],"label":"required by a bound in this","suggested_replacement":null,"suggestion_applicability":null,"expansion":null},{"file_name":"/build/rustc-ujz1Py/rustc-1.66.1+dfsg0ubuntu1/library/core/src/fmt/mod.rs","byte_start":11182,"byte_end":11183,"line_start":322,"line_end":322,"column_start":23,"column_end":24,"is_primary":true,"text":[],"label":"required by this bound in `ArgumentV1::<'a>::new_display`","suggested_replacement":null,"suggestion_applicability":null,"expansion":{"span":{"file_name":"/build/rustc-ujz1Py/rustc-1.66.1+dfsg0ubuntu1/library/core/src/fmt/mod.rs","byte_start":12190,"byte_end":12220,"line_start":345,"line_end":345,"column_start":5,"column_end":35,"is_primary":false,"text":[],"label":null,"suggested_replacement":null,"suggestion_applicability":null,"expansion":null},"macro_decl_name":"arg_new!","def_site_span":{"file_name":"/build/rustc-ujz1Py/rustc-1.66.1+dfsg0ubuntu1/library/core/src/fmt/mod.rs","byte_start":10964,"byte_end":11271,"line_start":317,"line_end":326,"column_start":1,"column_end":2,"is_primary":false,"text":[],"label":null,"suggested_replacement":null,"suggestion_applicability":null,"expansion":null}}}],"children":[],"rendered":null}],"rendered":"\u001b[0m\u001b[1m\u001b[38;5;9merror[E0277]\u001b[0m\u001b[0m\u001b[1m: the size for values of type `str` cannot be known at compilation time\u001b[0m\n\u001b[0m  \u001b[0m\u001b[0m\u001b[1m\u001b[38;5;12m--> \u001b[0m\u001b[0msrc/main.rs:60:58\u001b[0m\n\u001b[0m   \u001b[0m\u001b[0m\u001b[1m\u001b[38;5;12m|\u001b[0m\n\u001b[0m\u001b[1m\u001b[38;5;12m60\u001b[0m\u001b[0m \u001b[0m\u001b[0m\u001b[1m\u001b[38;5;12m|\u001b[0m\u001b[0m \u001b[0m\u001b[0m                let path = format!(\".git/objects/{}/{}\", args[0][..1], args[0][2..]);\u001b[0m\n\u001b[0m   \u001b[0m\u001b[0m\u001b[1m\u001b[38;5;12m| \u001b[0m\u001b[0m                                                         \u001b[0m\u001b[0m\u001b[1m\u001b[38;5;9m^^^^^^^^^^^^\u001b[0m\u001b[0m \u001b[0m\u001b[0m\u001b[1m\u001b[38;5;9mdoesn't have a size known at compile-time\u001b[0m\n\u001b[0m   \u001b[0m\u001b[0m\u001b[1m\u001b[38;5;12m|\u001b[0m\n\u001b[0m   \u001b[0m\u001b[0m\u001b[1m\u001b[38;5;12m= \u001b[0m\u001b[0m\u001b[1mhelp\u001b[0m\u001b[0m: the trait `Sized` is not implemented for `str`\u001b[0m\n\u001b[0m\u001b[1m\u001b[38;5;10mnote\u001b[0m\u001b[0m: required by a bound in `ArgumentV1::<'a>::new_display`\u001b[0m\n\u001b[0m   \u001b[0m\u001b[0m\u001b[1m\u001b[38;5;12m= \u001b[0m\u001b[0m\u001b[1mnote\u001b[0m\u001b[0m: this error originates in the macro `$crate::__export::format_args` which comes from the expansion of the macro `arg_new` (in Nightly builds, run with -Z macro-backtrace for more info)\u001b[0m\n\n"}
{"message":"the size for values of type `str` cannot be known at compilation time","code":{"code":"E0277","explanation":"You tried to use a type which doesn't implement some trait in a place which\nexpected that trait.\n\nErroneous code example:\n\n```compile_fail,E0277\n// here we declare the Foo trait with a bar method\ntrait Foo {\n    fn bar(&self);\n}\n\n// we now declare a function which takes an object implementing the Foo trait\nfn some_func<T: Foo>(foo: T) {\n    foo.bar();\n}\n\nfn main() {\n    // we now call the method with the i32 type, which doesn't implement\n    // the Foo trait\n    some_func(5i32); // error: the trait bound `i32 : Foo` is not satisfied\n}\n```\n\nIn order to fix this error, verify that the type you're using does implement\nthe trait. Example:\n\n```\ntrait Foo {\n    fn bar(&self);\n}\n\n// we implement the trait on the i32 type\nimpl Foo for i32 {\n    fn bar(&self) {}\n}\n\nfn some_func<T: Foo>(foo: T) {\n    foo.bar(); // we can now use this method since i32 implements the\n               // Foo trait\n}\n\nfn main() {\n    some_func(5i32); // ok!\n}\n```\n\nOr in a generic context, an erroneous code example would look like:\n\n```compile_fail,E0277\nfn some_func<T>(foo: T) {\n    println!(\"{:?}\", foo); // error: the trait `core::fmt::Debug` is not\n                           //        implemented for the type `T`\n}\n\nfn main() {\n    // We now call the method with the i32 type,\n    // which *does* implement the Debug trait.\n    some_func(5i32);\n}\n```\n\nNote that the error here is in the definition of the generic function. Although\nwe only call it with a parameter that does implement `Debug`, the compiler\nstill rejects the function. It must work with all possible input types. In\norder to make this example compile, we need to restrict the generic type we're\naccepting:\n\n```\nuse std::fmt;\n\n// Restrict the input type to types that implement Debug.\nfn some_func<T: fmt::Debug>(foo: T) {\n    println!(\"{:?}\", foo);\n}\n\nfn main() {\n    // Calling the method is still fine, as i32 implements Debug.\n    some_func(5i32);\n\n    // This would fail to compile now:\n    // struct WithoutDebug;\n    // some_func(WithoutDebug);\n}\n```\n\nRust only looks at the signature of the called function, as such it must\nalready specify all requirements that will be used for every type parameter.\n"},"level":"error","spans":[{"file_name":"src/main.rs","byte_start":1147,"byte_end":1159,"line_start":60,"line_end":60,"column_start":72,"column_end":84,"is_primary":true,"text":[{"text":"                let path = format!(\".git/objects/{}/{}\", args[0][..1], args[0][2..]);","highlight_start":72,"highlight_end":84}],"label":"doesn't have a size known at compile-time","suggested_replacement":null,"suggestion_applicability":null,"expansion":{"span":{"file_name":"/build/rustc-ujz1Py/rustc-1.66.1+dfsg0ubuntu1/library/alloc/src/macros.rs","byte_start":4065,"byte_end":4105,"line_start":118,"line_end":118,"column_start":39,"column_end":79,"is_primary":false,"text":[],"label":null,"suggested_replacement":null,"suggestion_applicability":null,"expansion":{"span":{"file_name":"src/main.rs","byte_start":1103,"byte_end":1160,"line_start":60,"line_end":60,"column_start":28,"column_end":85,"is_primary":false,"text":[{"text":"                let path = format!(\".git/objects/{}/{}\", args[0][..1], args[0][2..]);","highlight_start":28,"highlight_end":85}],"label":null,"suggested_replacement":null,"suggestion_applicability":null,"expansion":null},"macro_decl_name":"format!","def_site_span":{"file_name":"/build/rustc-ujz1Py/rustc-1.66.1+dfsg0ubuntu1/library/alloc/src/macros.rs","byte_start":3981,"byte_end":4000,"line_start":116,"line_end":116,"column_start":1,"column_end":20,"is_primary":false,"text":[],"label":null,"suggested_replacement":null,"suggestion_applicability":null,"expansion":null}}},"macro_decl_name":"$crate::__export::format_args!","def_site_span":{"file_name":"/build/rustc-ujz1Py/rustc-1.66.1+dfsg0ubuntu1/library/core/src/macros/mod.rs","byte_start":30090,"byte_end":30114,"line_start":878,"line_end":878,"column_start":5,"column_end":29,"is_primary":false,"text":[],"label":null,"suggested_replacement":null,"suggestion_applicability":null,"expansion":null}}}],"children":[{"message":"the trait `Sized` is not implemented for `str`","code":null,"level":"help","spans":[],"children":[],"rendered":null},{"message":"required by a bound in `ArgumentV1::<'a>::new_display`","code":null,"level":"note","spans":[{"file_name":"src/main.rs","byte_start":0,"byte_end":0,"line_start":1,"line_end":1,"column_start":1,"column_end":1,"is_primary":false,"text":[],"label":"required by a bound in this","suggested_replacement":null,"suggestion_applicability":null,"expansion":null},{"file_name":"/build/rustc-ujz1Py/rustc-1.66.1+dfsg0ubuntu1/library/core/src/fmt/mod.rs","byte_start":11182,"byte_end":11183,"line_start":322,"line_end":322,"column_start":23,"column_end":24,"is_primary":true,"text":[],"label":"required by this bound in `ArgumentV1::<'a>::new_display`","suggested_replacement":null,"suggestion_applicability":null,"expansion":{"span":{"file_name":"/build/rustc-ujz1Py/rustc-1.66.1+dfsg0ubuntu1/library/core/src/fmt/mod.rs","byte_start":12190,"byte_end":12220,"line_start":345,"line_end":345,"column_start":5,"column_end":35,"is_primary":false,"text":[],"label":null,"suggested_replacement":null,"suggestion_applicability":null,"expansion":null},"macro_decl_name":"arg_new!","def_site_span":{"file_name":"/build/rustc-ujz1Py/rustc-1.66.1+dfsg0ubuntu1/library/core/src/fmt/mod.rs","byte_start":10964,"byte_end":11271,"line_start":317,"line_end":326,"column_start":1,"column_end":2,"is_primary":false,"text":[],"label":null,"suggested_replacement":null,"suggestion_applicability":null,"expansion":null}}}],"children":[],"rendered":null}],"rendered":"\u001b[0m\u001b[1m\u001b[38;5;9merror[E0277]\u001b[0m\u001b[0m\u001b[1m: the size for values of type `str` cannot be known at compilation time\u001b[0m\n\u001b[0m  \u001b[0m\u001b[0m\u001b[1m\u001b[38;5;12m--> \u001b[0m\u001b[0msrc/main.rs:60:72\u001b[0m\n\u001b[0m   \u001b[0m\u001b[0m\u001b[1m\u001b[38;5;12m|\u001b[0m\n\u001b[0m\u001b[1m\u001b[38;5;12m60\u001b[0m\u001b[0m \u001b[0m\u001b[0m\u001b[1m\u001b[38;5;12m|\u001b[0m\u001b[0m \u001b[0m\u001b[0m                let path = format!(\".git/objects/{}/{}\", args[0][..1], args[0][2..]);\u001b[0m\n\u001b[0m   \u001b[0m\u001b[0m\u001b[1m\u001b[38;5;12m| \u001b[0m\u001b[0m                                                                       \u001b[0m\u001b[0m\u001b[1m\u001b[38;5;9m^^^^^^^^^^^^\u001b[0m\u001b[0m \u001b[0m\u001b[0m\u001b[1m\u001b[38;5;9mdoesn't have a size known at compile-time\u001b[0m\n\u001b[0m   \u001b[0m\u001b[0m\u001b[1m\u001b[38;5;12m|\u001b[0m\n\u001b[0m   \u001b[0m\u001b[0m\u001b[1m\u001b[38;5;12m= \u001b[0m\u001b[0m\u001b[1mhelp\u001b[0m\u001b[0m: the trait `Sized` is not implemented for `str`\u001b[0m\n\u001b[0m\u001b[1m\u001b[38;5;10mnote\u001b[0m\u001b[0m: required by a bound in `ArgumentV1::<'a>::new_display`\u001b[0m\n\u001b[0m   \u001b[0m\u001b[0m\u001b[1m\u001b[38;5;12m= \u001b[0m\u001b[0m\u001b[1mnote\u001b[0m\u001b[0m: this error originates in the macro `$crate::__export::format_args` which comes from the expansion of the macro `arg_new` (in Nightly builds, run with -Z macro-backtrace for more info)\u001b[0m\n\n"}
{"message":"no method named `trim_end` found for array `[u8; 8]` in the current scope","code":{"code":"E0599","explanation":"This error occurs when a method is used on a type which doesn't implement it:\n\nErroneous code example:\n\n```compile_fail,E0599\nstruct Mouth;\n\nlet x = Mouth;\nx.chocolate(); // error: no method named `chocolate` found for type `Mouth`\n               //        in the current scope\n```\n\nIn this case, you need to implement the `chocolate` method to fix the error:\n\n```\nstruct Mouth;\n\nimpl Mouth {\n    fn chocolate(&self) { // We implement the `chocolate` method here.\n        println!(\"Hmmm! I love chocolate!\");\n    }\n}\n\nlet x = Mouth;\nx.chocolate(); // ok!\n```\n"},"level":"error","spans":[{"file_name":"src/main.rs","byte_start":1419,"byte_end":1427,"line_start":67,"line_end":67,"column_start":47,"column_end":55,"is_primary":true,"text":[{"text":"                let parts: Vec<&str> = header.trim_end().split(' ').collect();","highlight_start":47,"highlight_end":55}],"label":null,"suggested_replacement":null,"suggestion_applicability":null,"expansion":null}],"children":[{"message":"there is a method with a similar name","code":null,"level":"help","spans":[{"file_name":"src/main.rs","byte_start":1419,"byte_end":1427,"line_start":67,"line_end":67,"column_start":47,"column_end":55,"is_primary":true,"text":[{"text":"                let parts: Vec<&str> = header.trim_end().split(' ').collect();","highlight_start":47,"highlight_end":55}],"label":null,"suggested_replacement":"trim_ascii_end","suggestion_applicability":"MaybeIncorrect","expansion":null}],"children":[],"rendered":null}],"rendered":"\u001b[0m\u001b[1m\u001b[38;5;9merror[E0599]\u001b[0m\u001b[0m\u001b[1m: no method named `trim_end` found for array `[u8; 8]` in the current scope\u001b[0m\n\u001b[0m  \u001b[0m\u001b[0m\u001b[1m\u001b[38;5;12m--> \u001b[0m\u001b[0msrc/main.rs:67:47\u001b[0m\n\u001b[0m   \u001b[0m\u001b[0m\u001b[1m\u001b[38;5;12m|\u001b[0m\n\u001b[0m\u001b[1m\u001b[38;5;12m67\u001b[0m\u001b[0m \u001b[0m\u001b[0m\u001b[1m\u001b[38;5;12m|\u001b[0m\u001b[0m \u001b[0m\u001b[0m                let parts: Vec<&str> = header.trim_end().split(' ').collect();\u001b[0m\n\u001b[0m   \u001b[0m\u001b[0m\u001b[1m\u001b[38;5;12m| \u001b[0m\u001b[0m                                              \u001b[0m\u001b[0m\u001b[1m\u001b[38;5;9m^^^^^^^^\u001b[0m\u001b[0m \u001b[0m\u001b[0m\u001b[1m\u001b[38;5;9mhelp: there is a method with a similar name: `trim_ascii_end`\u001b[0m\n\n"}
{"message":"expected function, found macro `eprintln`","code":{"code":"E0423","explanation":"An identifier was used like a function name or a value was expected and the\nidentifier exists but it belongs to a different namespace.\n\nErroneous code example:\n\n```compile_fail,E0423\nstruct Foo { a: bool };\n\nlet f = Foo();\n// error: expected function, tuple struct or tuple variant, found `Foo`\n// `Foo` is a struct name, but this expression uses it like a function name\n```\n\nPlease verify you didn't misspell the name of what you actually wanted to use\nhere. Example:\n\n```\nfn Foo() -> u32 { 0 }\n\nlet f = Foo(); // ok!\n```\n\nIt is common to forget the trailing `!` on macro invocations, which would also\nyield this error:\n\n```compile_fail,E0423\nprintln(\"\");\n// error: expected function, tuple struct or tuple variant,\n// found macro `println`\n// did you mean `println!(...)`? (notice the trailing `!`)\n```\n\nAnother case where this error is emitted is when a value is expected, but\nsomething else is found:\n\n```compile_fail,E0423\npub mod a {\n    pub const I: i32 = 1;\n}\n\nfn h1() -> i32 {\n    a.I\n    //~^ ERROR expected value, found module `a`\n    // did you mean `a::I`?\n}\n```\n"},"level":"error","spans":[{"file_name":"src/main.rs","byte_start":1616,"byte_end":1624,"line_start":72,"line_end":72,"column_start":26,"column_end":34,"is_primary":true,"text":[{"text":"                    _ => eprintln(\"\")","highlight_start":26,"highlight_end":34}],"label":"not a function","suggested_replacement":null,"suggestion_applicability":null,"expansion":null}],"children":[{"message":"use `!` to invoke the macro","code":null,"level":"help","spans":[{"file_name":"src/main.rs","byte_start":1624,"byte_end":1624,"line_start":72,"line_end":72,"column_start":34,"column_end":34,"is_primary":true,"text":[{"text":"                    _ => eprintln(\"\")","highlight_start":34,"highlight_end":34}],"label":null,"suggested_replacement":"!","suggestion_applicability":"MaybeIncorrect","expansion":null}],"children":[],"rendered":null}],"rendered":"\u001b[0m\u001b[1m\u001b[38;5;9merror[E0423]\u001b[0m\u001b[0m\u001b[1m: expected function, found macro `eprintln`\u001b[0m\n\u001b[0m  \u001b[0m\u001b[0m\u001b[1m\u001b[38;5;12m--> \u001b[0m\u001b[0msrc/main.rs:72:26\u001b[0m\n\u001b[0m   \u001b[0m\u001b[0m\u001b[1m\u001b[38;5;12m|\u001b[0m\n\u001b[0m\u001b[1m\u001b[38;5;12m72\u001b[0m\u001b[0m \u001b[0m\u001b[0m\u001b[1m\u001b[38;5;12m|\u001b[0m\u001b[0m \u001b[0m\u001b[0m                    _ => eprintln(\"\")\u001b[0m\n\u001b[0m   \u001b[0m\u001b[0m\u001b[1m\u001b[38;5;12m| \u001b[0m\u001b[0m                         \u001b[0m\u001b[0m\u001b[1m\u001b[38;5;9m^^^^^^^^\u001b[0m\u001b[0m \u001b[0m\u001b[0m\u001b[1m\u001b[38;5;9mnot a function\u001b[0m\n\u001b[0m   \u001b[0m\u001b[0m\u001b[1m\u001b[38;5;12m|\u001b[0m\n\u001b[0m\u001b[1m\u001b[38;5;14mhelp\u001b[0m\u001b[0m: use `!` to invoke the macro\u001b[0m\n\u001b[0m   \u001b[0m\u001b[0m\u001b[1m\u001b[38;5;12m|\u001b[0m\n\u001b[0m\u001b[1m\u001b[38;5;12m72\u001b[0m\u001b[0m \u001b[0m\u001b[0m\u001b[1m\u001b[38;5;12m| \u001b[0m\u001b[0m                    _ => eprintln\u001b[0m\u001b[0m\u001b[38;5;10m!\u001b[0m\u001b[0m(\"\")\u001b[0m\n\u001b[0m   \u001b[0m\u001b[0m\u001b[1m\u001b[38;5;12m|\u001b[0m\u001b[0m                                  \u001b[0m\u001b[0m\u001b[38;5;10m+\u001b[0m\n\n"}
{"message":"expected function, found macro `eprintln`","code":{"code":"E0423","explanation":"An identifier was used like a function name or a value was expected and the\nidentifier exists but it belongs to a different namespace.\n\nErroneous code example:\n\n```compile_fail,E0423\nstruct Foo { a: bool };\n\nlet f = Foo();\n// error: expected function, tuple struct or tuple variant, found `Foo`\n// `Foo` is a struct name, but this expression uses it like a function name\n```\n\nPlease verify you didn't misspell the name of what you actually wanted to use\nhere. Example:\n\n```\nfn Foo() -> u32 { 0 }\n\nlet f = Foo(); // ok!\n```\n\nIt is common to forget the trailing `!` on macro invocations, which would also\nyield this error:\n\n```compile_fail,E0423\nprintln(\"\");\n// error: expected function, tuple struct or tuple variant,\n// found macro `println`\n// did you mean `println!(...)`? (notice the trailing `!`)\n```\n\nAnother case where this error is emitted is when a value is expected, but\nsomething else is found:\n\n```compile_fail,E0423\npub mod a {\n    pub const I: i32 = 1;\n}\n\nfn h1() -> i32 {\n    a.I\n    //~^ ERROR expected value, found module `a`\n    // did you mean `a::I`?\n}\n```\n"},"level":"error","spans":[{"file_name":"src/main.rs","byte_start":1681,"byte_end":1689,"line_start":75,"line_end":75,"column_start":21,"column_end":29,"is_primary":true,"text":[{"text":"            None => eprintln(\"\")","highlight_start":21,"highlight_end":29}],"label":"not a function","suggested_replacement":null,"suggestion_applicability":null,"expansion":null}],"children":[{"message":"use `!` to invoke the macro","code":null,"level":"help","spans":[{"file_name":"src/main.rs","byte_start":1689,"byte_end":1689,"line_start":75,"line_end":75,"column_start":29,"column_end":29,"is_primary":true,"text":[{"text":"            None => eprintln(\"\")","highlight_start":29,"highlight_end":29}],"label":null,"suggested_replacement":"!","suggestion_applicability":"MaybeIncorrect","expansion":null}],"children":[],"rendered":null}],"rendered":"\u001b[0m\u001b[1m\u001b[38;5;9merror[E0423]\u001b[0m\u001b[0m\u001b[1m: expected function, found macro `eprintln`\u001b[0m\n\u001b[0m  \u001b[0m\u001b[0m\u001b[1m\u001b[38;5;12m--> \u001b[0m\u001b[0msrc/main.rs:75:21\u001b[0m\n\u001b[0m   \u001b[0m\u001b[0m\u001b[1m\u001b[38;5;12m|\u001b[0m\n\u001b[0m\u001b[1m\u001b[38;5;12m75\u001b[0m\u001b[0m \u001b[0m\u001b[0m\u001b[1m\u001b[38;5;12m|\u001b[0m\u001b[0m \u001b[0m\u001b[0m            None => eprintln(\"\")\u001b[0m\n\u001b[0m   \u001b[0m\u001b[0m\u001b[1m\u001b[38;5;12m| \u001b[0m\u001b[0m                    \u001b[0m\u001b[0m\u001b[1m\u001b[38;5;9m^^^^^^^^\u001b[0m\u001b[0m \u001b[0m\u001b[0m\u001b[1m\u001b[38;5;9mnot a function\u001b[0m\n\u001b[0m   \u001b[0m\u001b[0m\u001b[1m\u001b[38;5;12m|\u001b[0m\n\u001b[0m\u001b[1m\u001b[38;5;14mhelp\u001b[0m\u001b[0m: use `!` to invoke the macro\u001b[0m\n\u001b[0m   \u001b[0m\u001b[0m\u001b[1m\u001b[38;5;12m|\u001b[0m\n\u001b[0m\u001b[1m\u001b[38;5;12m75\u001b[0m\u001b[0m \u001b[0m\u001b[0m\u001b[1m\u001b[38;5;12m| \u001b[0m\u001b[0m            None => eprintln\u001b[0m\u001b[0m\u001b[38;5;10m!\u001b[0m\u001b[0m(\"\")\u001b[0m\n\u001b[0m   \u001b[0m\u001b[0m\u001b[1m\u001b[38;5;12m|\u001b[0m\u001b[0m                             \u001b[0m\u001b[0m\u001b[38;5;10m+\u001b[0m\n\n"}
{"message":"this function takes 2 arguments but 1 argument was supplied","code":{"code":"E0061","explanation":"An invalid number of arguments was passed when calling a function.\n\nErroneous code example:\n\n```compile_fail,E0061\nfn f(u: i32) {}\n\nf(); // error!\n```\n\nThe number of arguments passed to a function must match the number of arguments\nspecified in the function signature.\n\nFor example, a function like:\n\n```\nfn f(a: u16, b: &str) {}\n```\n\nMust always be called with exactly two arguments, e.g., `f(2, \"test\")`.\n\nNote that Rust does not have a notion of optional function arguments or\nvariadic functions (except for its C-FFI).\n"},"level":"error","spans":[{"file_name":"src/main.rs","byte_start":2896,"byte_end":2907,"line_start":123,"line_end":123,"column_start":37,"column_end":48,"is_primary":false,"text":[{"text":"    if let Err(error) = init.execute(&mut head){","highlight_start":37,"highlight_end":48}],"label":"an argument of type `Option<&[&str]>` is missing","suggested_replacement":null,"suggestion_applicability":null,"expansion":null},{"file_name":"src/main.rs","byte_start":2889,"byte_end":2896,"line_start":123,"line_end":123,"column_start":30,"column_end":37,"is_primary":true,"text":[{"text":"    if let Err(error) = init.execute(&mut head){","highlight_start":30,"highlight_end":37}],"label":null,"suggested_replacement":null,"suggestion_applicability":null,"expansion":null}],"children":[{"message":"associated function defined here","code":null,"level":"note","spans":[{"file_name":"src/main.rs","byte_start":2235,"byte_end":2242,"line_start":100,"line_end":100,"column_start":8,"column_end":15,"is_primary":true,"text":[{"text":"    fn execute(&self, _head: &mut Head, args: Option<&[&str]>) -> Result<(), Box<dyn Error>>;","highlight_start":8,"highlight_end":15}],"label":null,"suggested_replacement":null,"suggestion_applicability":null,"expansion":null}],"children":[],"rendered":null},{"message":"provide the argument","code":null,"level":"help","spans":[{"file_name":"src/main.rs","byte_start":2896,"byte_end":2907,"line_start":123,"line_end":123,"column_start":37,"column_end":48,"is_primary":true,"text":[{"text":"    if let Err(error) = init.execute(&mut head){","highlight_start":37,"highlight_end":48}],"label":null,"suggested_replacement":"(&mut head, /* Option<&[&str]> */)","suggestion_applicability":"HasPlaceholders","expansion":null}],"children":[],"rendered":null}],"rendered":"\u001b[0m\u001b[1m\u001b[38;5;9merror[E0061]\u001b[0m\u001b[0m\u001b[1m: this function takes 2 arguments but 1 argument was supplied\u001b[0m\n\u001b[0m   \u001b[0m\u001b[0m\u001b[1m\u001b[38;5;12m--> \u001b[0m\u001b[0msrc/main.rs:123:30\u001b[0m\n\u001b[0m    \u001b[0m\u001b[0m\u001b[1m\u001b[38;5;12m|\u001b[0m\n\u001b[0m\u001b[1m\u001b[38;5;12m123\u001b[0m\u001b[0m \u001b[0m\u001b[0m\u001b[1m\u001b[38;5;12m|\u001b[0m\u001b[0m \u001b[0m\u001b[0m    if let Err(error) = init.execute(&mut head){\u001b[0m\n\u001b[0m    \u001b[0m\u001b[0m\u001b[1m\u001b[38;5;12m| \u001b[0m\u001b[0m                             \u001b[0m\u001b[0m\u001b[1m\u001b[38;5;9m^^^^^^^\u001b[0m\u001b[0m\u001b[1m\u001b[38;5;12m-----------\u001b[0m\u001b[0m \u001b[0m\u001b[0m\u001b[1m\u001b[38;5;12man argument of type `Option<&[&str]>` is missing\u001b[0m\n\u001b[0m    \u001b[0m\u001b[0m\u001b[1m\u001b[38;5;12m|\u001b[0m\n\u001b[0m\u001b[1m\u001b[38;5;10mnote\u001b[0m\u001b[0m: associated function defined here\u001b[0m\n\u001b[0m   \u001b[0m\u001b[0m\u001b[1m\u001b[38;5;12m--> \u001b[0m\u001b[0msrc/main.rs:100:8\u001b[0m\n\u001b[0m    \u001b[0m\u001b[0m\u001b[1m\u001b[38;5;12m|\u001b[0m\n\u001b[0m\u001b[1m\u001b[38;5;12m100\u001b[0m\u001b[0m \u001b[0m\u001b[0m\u001b[1m\u001b[38;5;12m|\u001b[0m\u001b[0m \u001b[0m\u001b[0m    fn execute(&self, _head: &mut Head, args: Option<&[&str]>) -> Result<(), Box<dyn Error>>;\u001b[0m\n\u001b[0m    \u001b[0m\u001b[0m\u001b[1m\u001b[38;5;12m| \u001b[0m\u001b[0m       \u001b[0m\u001b[0m\u001b[1m\u001b[38;5;10m^^^^^^^\u001b[0m\n\u001b[0m\u001b[1m\u001b[38;5;14mhelp\u001b[0m\u001b[0m: provide the argument\u001b[0m\n\u001b[0m    \u001b[0m\u001b[0m\u001b[1m\u001b[38;5;12m|\u001b[0m\n\u001b[0m\u001b[1m\u001b[38;5;12m123\u001b[0m\u001b[0m \u001b[0m\u001b[0m\u001b[1m\u001b[38;5;12m| \u001b[0m\u001b[0m    if let Err(error) = init.execute\u001b[0m\u001b[0m\u001b[38;5;10m(&mut head, /* Option<&[&str]> */)\u001b[0m\u001b[0m{\u001b[0m\n\u001b[0m    \u001b[0m\u001b[0m\u001b[1m\u001b[38;5;12m|\u001b[0m\u001b[0m                                     \u001b[0m\u001b[0m\u001b[38;5;10m~~~~~~~~~~~~~~~~~~~~~~~~~~~~~~~~~~\u001b[0m\n\n"}
{"message":"aborting due to 10 previous errors","code":null,"level":"error","spans":[],"children":[],"rendered":"\u001b[0m\u001b[1m\u001b[38;5;9merror\u001b[0m\u001b[0m\u001b[1m: aborting due to 10 previous errors\u001b[0m\n\n"}
{"message":"Some errors have detailed explanations: E0061, E0277, E0423, E0425, E0433, E0599.","code":null,"level":"failure-note","spans":[],"children":[],"rendered":"\u001b[0m\u001b[1mSome errors have detailed explanations: E0061, E0277, E0423, E0425, E0433, E0599.\u001b[0m\n"}
{"message":"For more information about an error, try `rustc --explain E0061`.","code":null,"level":"failure-note","spans":[],"children":[],"rendered":"\u001b[0m\u001b[1mFor more information about an error, try `rustc --explain E0061`.\u001b[0m\n"}
